1545908059727	geckodriver	INFO	geckodriver 0.19.1
1545908059739	geckodriver	INFO	Listening on 127.0.0.1:61024
1545908061803	mozrunner::runner	INFO	Running command: "D:\\Mozilla Firefox\\firefox.exe" "-marionette" "-profile" "C:\\Users\\ZHW\\AppData\\Local\\Temp\\rust_mozprofile.gzGtmqIIC4M5"
1545908062348	addons.xpi	WARN	Error parsing extensions state: [Exception... "Component returned failure code: 0x80520012 (NS_ERROR_FILE_NOT_FOUND) [amIAddonManagerStartup.readStartupData]"  nsresult: "0x80520012 (NS_ERROR_FILE_NOT_FOUND)"  location: "JS frame :: resource://gre/modules/addons/XPIProvider.jsm :: loadExtensionState :: line 1554"  data: no] Stack trace: loadExtensionState()@resource://gre/modules/addons/XPIProvider.jsm:1554 < getInstallState()@resource://gre/modules/addons/XPIProvider.jsm:1589 < checkForChanges()@resource://gre/modules/addons/XPIProvider.jsm:3109 < startup()@resource://gre/modules/addons/XPIProvider.jsm:2188 < callProvider()@resource://gre/modules/AddonManager.jsm:269 < _startProvider()@resource://gre/modules/AddonManager.jsm:739 < startup()@resource://gre/modules/AddonManager.jsm:906 < startup()@resource://gre/modules/AddonManager.jsm:3090 < observe()@jar:file:///D:/Mozilla%20Firefox/omni.ja!/components/addonManager.js:65
1545908063142	Marionette	INFO	Enabled via --marionette
[Child 4420] WARNING: pipe error: 109: file z:/build/build/src/ipc/chromium/src/chrome/common/ipc_channel_win.cc, line 346
[Child 4420] WARNING: pipe error: 109: file z:/build/build/src/ipc/chromium/src/chrome/common/ipc_channel_win.cc, line 346
1545908066598	Marionette	INFO	Listening on port 61031
1545908067237	Marionette	WARN	TLS certificate errors will be ignored for this session
1545908067279	Marionette	DEBUG	Register listener.js for window 4294967297
1545908067324	Marionette	DEBUG	Received DOM event "beforeunload" for "about:blank"
1545908069456	Marionette	DEBUG	Received DOM event "pagehide" for "about:blank"
1545908069456	Marionette	DEBUG	Received DOM event "unload" for "about:blank"
1545908070066	Marionette	DEBUG	Received DOM event "DOMContentLoaded" for "https://detail.tmall.com/item.htm?spm=a230r.1.14.22.6d1d22f5lMIAxi&id=578256341620&ns=1&abbucket=9&skuId=4080075495631"
1545908071422	Marionette	DEBUG	Received DOM event "pageshow" for "https://detail.tmall.com/item.htm?spm=a230r.1.14.22.6d1d22f5lMIAxi&id=578256341620&ns=1&abbucket=9&skuId=4080075495631"
JavaScript warning: https://g.alicdn.com/??mui/mallbar/3.2.36/index.js,kissy/k/1.4.2/swf-min.js,kissy/k/1.4.2/xtemplate-min.js,kissy/k/1.4.2/xtemplate/runtime-min.js,kissy/k/1.4.2/xtemplate/compiler-min.js,mui/mallbar/3.2.36/conf.js,mui/mallbar/3.2.36/util.js,mui/minilogin/3.1.6/index.js,mui/overlay/3.0.10/dialog.js,kissy/k/1.4.2/overlay-min.js,kissy/k/1.4.2/component/container-min.js,kissy/k/1.4.2/component/control-min.js,kissy/k/1.4.2/component/manager-min.js,kissy/k/1.4.2/component/extension/shim-min.js,kissy/k/1.4.2/component/extension/align-min.js,kissy/k/1.4.2/component/extension/content-xtpl-min.js,kissy/k/1.4.2/component/extension/content-render-min.js,mui/mallbar/3.2.36/model.js,mui/mallbar/3.2.36/store.js,mui/storage/3.0.5/index.js,mui/storage/3.0.5/conf.js,mui/storage/3.0.5/util.js,mui/storage/3.0.5/xd.js,mui/storage/3.0.5/name.js,mui/mallbar/3.2.36/mallbar-item.js,mui/mallbar/3.2.36/mallbar-guide.js,mui/mallbar/3.2.36/plugin-prof.js,mui/mallbar/3.2.36/plugin-asset.js,mui/mallbar/3.2.36/plugin-brand.js,mui/mallbar/3.2.36/plugin-live.js,mui/mallbar/3.2.36/plugin-foot.js,mui/mallbar/3.2.36/plugin-top.js,mui/mallbar/3.2.36/plugin-ue.js,mui/mallbar/3.2.36/plugin-qrcode.js,mui/mallbar/3.2.36/plugin-favor.js,mui/mallbar/3.2.36/plugin-charge.js,mui/mallbar/3.2.36/plugin-cart.js,mui/minicart/3.0.37/minicart.js,mui/minicart/3.0.37/model.js,mui/minicart/3.0.37/util.js?t=1_2013072520131122.js, line 24: Using //@ to indicate sourceURL pragmas is deprecated. Use //# instead
JavaScript warning: https://g.alicdn.com/??mui/mallbar/3.2.36/index.js,kissy/k/1.4.2/swf-min.js,kissy/k/1.4.2/xtemplate-min.js,kissy/k/1.4.2/xtemplate/runtime-min.js,kissy/k/1.4.2/xtemplate/compiler-min.js,mui/mallbar/3.2.36/conf.js,mui/mallbar/3.2.36/util.js,mui/minilogin/3.1.6/index.js,mui/overlay/3.0.10/dialog.js,kissy/k/1.4.2/overlay-min.js,kissy/k/1.4.2/component/container-min.js,kissy/k/1.4.2/component/control-min.js,kissy/k/1.4.2/component/manager-min.js,kissy/k/1.4.2/component/extension/shim-min.js,kissy/k/1.4.2/component/extension/align-min.js,kissy/k/1.4.2/component/extension/content-xtpl-min.js,kissy/k/1.4.2/component/extension/content-render-min.js,mui/mallbar/3.2.36/model.js,mui/mallbar/3.2.36/store.js,mui/storage/3.0.5/index.js,mui/storage/3.0.5/conf.js,mui/storage/3.0.5/util.js,mui/storage/3.0.5/xd.js,mui/storage/3.0.5/name.js,mui/mallbar/3.2.36/mallbar-item.js,mui/mallbar/3.2.36/mallbar-guide.js,mui/mallbar/3.2.36/plugin-prof.js,mui/mallbar/3.2.36/plugin-asset.js,mui/mallbar/3.2.36/plugin-brand.js,mui/mallbar/3.2.36/plugin-live.js,mui/mallbar/3.2.36/plugin-foot.js,mui/mallbar/3.2.36/plugin-top.js,mui/mallbar/3.2.36/plugin-ue.js,mui/mallbar/3.2.36/plugin-qrcode.js,mui/mallbar/3.2.36/plugin-favor.js,mui/mallbar/3.2.36/plugin-charge.js,mui/mallbar/3.2.36/plugin-cart.js,mui/minicart/3.0.37/minicart.js,mui/minicart/3.0.37/model.js,mui/minicart/3.0.37/util.js?t=1_2013072520131122.js, line 9: Using //@ to indicate sourceURL pragmas is deprecated. Use //# instead
JavaScript warning: https://g.alicdn.com/??mui/mallbar/3.2.36/index.js,kissy/k/1.4.2/swf-min.js,kissy/k/1.4.2/xtemplate-min.js,kissy/k/1.4.2/xtemplate/runtime-min.js,kissy/k/1.4.2/xtemplate/compiler-min.js,mui/mallbar/3.2.36/conf.js,mui/mallbar/3.2.36/util.js,mui/minilogin/3.1.6/index.js,mui/overlay/3.0.10/dialog.js,kissy/k/1.4.2/overlay-min.js,kissy/k/1.4.2/component/container-min.js,kissy/k/1.4.2/component/control-min.js,kissy/k/1.4.2/component/manager-min.js,kissy/k/1.4.2/component/extension/shim-min.js,kissy/k/1.4.2/component/extension/align-min.js,kissy/k/1.4.2/component/extension/content-xtpl-min.js,kissy/k/1.4.2/component/extension/content-render-min.js,mui/mallbar/3.2.36/model.js,mui/mallbar/3.2.36/store.js,mui/storage/3.0.5/index.js,mui/storage/3.0.5/conf.js,mui/storage/3.0.5/util.js,mui/storage/3.0.5/xd.js,mui/storage/3.0.5/name.js,mui/mallbar/3.2.36/mallbar-item.js,mui/mallbar/3.2.36/mallbar-guide.js,mui/mallbar/3.2.36/plugin-prof.js,mui/mallbar/3.2.36/plugin-asset.js,mui/mallbar/3.2.36/plugin-brand.js,mui/mallbar/3.2.36/plugin-live.js,mui/mallbar/3.2.36/plugin-foot.js,mui/mallbar/3.2.36/plugin-top.js,mui/mallbar/3.2.36/plugin-ue.js,mui/mallbar/3.2.36/plugin-qrcode.js,mui/mallbar/3.2.36/plugin-favor.js,mui/mallbar/3.2.36/plugin-charge.js,mui/mallbar/3.2.36/plugin-cart.js,mui/minicart/3.0.37/minicart.js,mui/minicart/3.0.37/model.js,mui/minicart/3.0.37/util.js?t=1_2013072520131122.js, line 218: Using //@ to indicate sourceURL pragmas is deprecated. Use //# instead
JavaScript warning: https://g.alicdn.com/??mui/mallbar/3.2.36/index.js,kissy/k/1.4.2/swf-min.js,kissy/k/1.4.2/xtemplate-min.js,kissy/k/1.4.2/xtemplate/runtime-min.js,kissy/k/1.4.2/xtemplate/compiler-min.js,mui/mallbar/3.2.36/conf.js,mui/mallbar/3.2.36/util.js,mui/minilogin/3.1.6/index.js,mui/overlay/3.0.10/dialog.js,kissy/k/1.4.2/overlay-min.js,kissy/k/1.4.2/component/container-min.js,kissy/k/1.4.2/component/control-min.js,kissy/k/1.4.2/component/manager-min.js,kissy/k/1.4.2/component/extension/shim-min.js,kissy/k/1.4.2/component/extension/align-min.js,kissy/k/1.4.2/component/extension/content-xtpl-min.js,kissy/k/1.4.2/component/extension/content-render-min.js,mui/mallbar/3.2.36/model.js,mui/mallbar/3.2.36/store.js,mui/storage/3.0.5/index.js,mui/storage/3.0.5/conf.js,mui/storage/3.0.5/util.js,mui/storage/3.0.5/xd.js,mui/storage/3.0.5/name.js,mui/mallbar/3.2.36/mallbar-item.js,mui/mallbar/3.2.36/mallbar-guide.js,mui/mallbar/3.2.36/plugin-prof.js,mui/mallbar/3.2.36/plugin-asset.js,mui/mallbar/3.2.36/plugin-brand.js,mui/mallbar/3.2.36/plugin-live.js,mui/mallbar/3.2.36/plugin-foot.js,mui/mallbar/3.2.36/plugin-top.js,mui/mallbar/3.2.36/plugin-ue.js,mui/mallbar/3.2.36/plugin-qrcode.js,mui/mallbar/3.2.36/plugin-favor.js,mui/mallbar/3.2.36/plugin-charge.js,mui/mallbar/3.2.36/plugin-cart.js,mui/minicart/3.0.37/minicart.js,mui/minicart/3.0.37/model.js,mui/minicart/3.0.37/util.js?t=1_2013072520131122.js, line 148: Using //@ to indicate sourceURL pragmas is deprecated. Use //# instead
JavaScript warning: https://g.alicdn.com/??mui/mallbar/3.2.36/index.js,kissy/k/1.4.2/swf-min.js,kissy/k/1.4.2/xtemplate-min.js,kissy/k/1.4.2/xtemplate/runtime-min.js,kissy/k/1.4.2/xtemplate/compiler-min.js,mui/mallbar/3.2.36/conf.js,mui/mallbar/3.2.36/util.js,mui/minilogin/3.1.6/index.js,mui/overlay/3.0.10/dialog.js,kissy/k/1.4.2/overlay-min.js,kissy/k/1.4.2/component/container-min.js,kissy/k/1.4.2/component/control-min.js,kissy/k/1.4.2/component/manager-min.js,kissy/k/1.4.2/component/extension/shim-min.js,kissy/k/1.4.2/component/extension/align-min.js,kissy/k/1.4.2/component/extension/content-xtpl-min.js,kissy/k/1.4.2/component/extension/content-render-min.js,mui/mallbar/3.2.36/model.js,mui/mallbar/3.2.36/store.js,mui/storage/3.0.5/index.js,mui/storage/3.0.5/conf.js,mui/storage/3.0.5/util.js,mui/storage/3.0.5/xd.js,mui/storage/3.0.5/name.js,mui/mallbar/3.2.36/mallbar-item.js,mui/mallbar/3.2.36/mallbar-guide.js,mui/mallbar/3.2.36/plugin-prof.js,mui/mallbar/3.2.36/plugin-asset.js,mui/mallbar/3.2.36/plugin-brand.js,mui/mallbar/3.2.36/plugin-live.js,mui/mallbar/3.2.36/plugin-foot.js,mui/mallbar/3.2.36/plugin-top.js,mui/mallbar/3.2.36/plugin-ue.js,mui/mallbar/3.2.36/plugin-qrcode.js,mui/mallbar/3.2.36/plugin-favor.js,mui/mallbar/3.2.36/plugin-charge.js,mui/mallbar/3.2.36/plugin-cart.js,mui/minicart/3.0.37/minicart.js,mui/minicart/3.0.37/model.js,mui/minicart/3.0.37/util.js?t=1_2013072520131122.js, line 38: Using //@ to indicate sourceURL pragmas is deprecated. Use //# instead
JavaScript warning: https://g.alicdn.com/??mui/mallbar/3.2.36/index.js,kissy/k/1.4.2/swf-min.js,kissy/k/1.4.2/xtemplate-min.js,kissy/k/1.4.2/xtemplate/runtime-min.js,kissy/k/1.4.2/xtemplate/compiler-min.js,mui/mallbar/3.2.36/conf.js,mui/mallbar/3.2.36/util.js,mui/minilogin/3.1.6/index.js,mui/overlay/3.0.10/dialog.js,kissy/k/1.4.2/overlay-min.js,kissy/k/1.4.2/component/container-min.js,kissy/k/1.4.2/component/control-min.js,kissy/k/1.4.2/component/manager-min.js,kissy/k/1.4.2/component/extension/shim-min.js,kissy/k/1.4.2/component/extension/align-min.js,kissy/k/1.4.2/component/extension/content-xtpl-min.js,kissy/k/1.4.2/component/extension/content-render-min.js,mui/mallbar/3.2.36/model.js,mui/mallbar/3.2.36/store.js,mui/storage/3.0.5/index.js,mui/storage/3.0.5/conf.js,mui/storage/3.0.5/util.js,mui/storage/3.0.5/xd.js,mui/storage/3.0.5/name.js,mui/mallbar/3.2.36/mallbar-item.js,mui/mallbar/3.2.36/mallbar-guide.js,mui/mallbar/3.2.36/plugin-prof.js,mui/mallbar/3.2.36/plugin-asset.js,mui/mallbar/3.2.36/plugin-brand.js,mui/mallbar/3.2.36/plugin-live.js,mui/mallbar/3.2.36/plugin-foot.js,mui/mallbar/3.2.36/plugin-top.js,mui/mallbar/3.2.36/plugin-ue.js,mui/mallbar/3.2.36/plugin-qrcode.js,mui/mallbar/3.2.36/plugin-favor.js,mui/mallbar/3.2.36/plugin-charge.js,mui/mallbar/3.2.36/plugin-cart.js,mui/minicart/3.0.37/minicart.js,mui/minicart/3.0.37/model.js,mui/minicart/3.0.37/util.js?t=1_2013072520131122.js, line 100: Using //@ to indicate sourceURL pragmas is deprecated. Use //# instead
JavaScript warning: https://g.alicdn.com/??mui/mallbar/3.2.36/index.js,kissy/k/1.4.2/swf-min.js,kissy/k/1.4.2/xtemplate-min.js,kissy/k/1.4.2/xtemplate/runtime-min.js,kissy/k/1.4.2/xtemplate/compiler-min.js,mui/mallbar/3.2.36/conf.js,mui/mallbar/3.2.36/util.js,mui/minilogin/3.1.6/index.js,mui/overlay/3.0.10/dialog.js,kissy/k/1.4.2/overlay-min.js,kissy/k/1.4.2/component/container-min.js,kissy/k/1.4.2/component/control-min.js,kissy/k/1.4.2/component/manager-min.js,kissy/k/1.4.2/component/extension/shim-min.js,kissy/k/1.4.2/component/extension/align-min.js,kissy/k/1.4.2/component/extension/content-xtpl-min.js,kissy/k/1.4.2/component/extension/content-render-min.js,mui/mallbar/3.2.36/model.js,mui/mallbar/3.2.36/store.js,mui/storage/3.0.5/index.js,mui/storage/3.0.5/conf.js,mui/storage/3.0.5/util.js,mui/storage/3.0.5/xd.js,mui/storage/3.0.5/name.js,mui/mallbar/3.2.36/mallbar-item.js,mui/mallbar/3.2.36/mallbar-guide.js,mui/mallbar/3.2.36/plugin-prof.js,mui/mallbar/3.2.36/plugin-asset.js,mui/mallbar/3.2.36/plugin-brand.js,mui/mallbar/3.2.36/plugin-live.js,mui/mallbar/3.2.36/plugin-foot.js,mui/mallbar/3.2.36/plugin-top.js,mui/mallbar/3.2.36/plugin-ue.js,mui/mallbar/3.2.36/plugin-qrcode.js,mui/mallbar/3.2.36/plugin-favor.js,mui/mallbar/3.2.36/plugin-charge.js,mui/mallbar/3.2.36/plugin-cart.js,mui/minicart/3.0.37/minicart.js,mui/minicart/3.0.37/model.js,mui/minicart/3.0.37/util.js?t=1_2013072520131122.js, line 21: Using //@ to indicate sourceURL pragmas is deprecated. Use //# instead
1545908192373	Marionette	INFO	New connections will no longer be accepted
[Child 7076] WARNING: pipe error: 109: file z:/build/build/src/ipc/chromium/src/chrome/common/ipc_channel_win.cc, line 346
nent/manager-min.js,kissy/k/1.4.2/component/extension/shim-min.js,kissy/k/1.4.2/component/extension/align-min.js,kissy/k/1.4.2/component/extension/content-xtpl-min.js,kissy/k/1.4.2/component/extension/content-render-min.js,mui/mallbar/3.2.36/model.js,mui/mallbar/3.2.36/store.js,mui/storage/3.0.5/index.js,mui/storage/3.0.5/conf.js,mui/storage/3.0.5/util.js,mui/storage/3.0.5/xd.js,mui/storage/3.0.5/name.js,mui/mallbar/3.2.36/mallbar-item.js,mui/mallbar/3.2.36/mallbar-guide.js,mui/mallbar/3.2.36/plugin-prof.js,mui/mallbar/3.2.36/plugin-asset.js,mui/mallbar/3.2.36/plugin-brand.js,mui/mallbar/3.2.36/plugin-live.js,mui/mallbar/3.2.36/plugin-foot.js,mui/mallbar/3.2.36/plugin-top.js,mui/mallbar/3.2.36/plugin-ue.js,mui/mallbar/3.2.36/plugin-qrcode.js,mui/mallbar/3.2.36/plugin-favor.js,mui/mallbar/3.2.36/plugin-charge.js,mui/mallbar/3.2.36/plugin-cart.js,mui/minicart/3.0.37/minicart.js,mui/minicart/3.0.37/model.js,mui/minicart/3.0.37/util.js?t=1_2013072520131122.js, line 80: Using //@ to indicate sourceURL pragmas is deprecated. Use //# instead

###!!! [Child][RunMessage] Error: Channel closing: too late to send/recv, messages will be lost

[Child 9504] WARNING: pipe error: 109: file z:/build/build/src/ipc/chromium/src/chrome/common/ipc_channel_win.cc, line 346

###!!! [Child][RunMessage] Error: Channel closing: too late to send/recv, messages will be lost

*** UTM:SVC TimerManager:registerTimer called after profile-before-change notification. Ignoring timer registration for id: telemetry_modules_ping
[GPU 7044] WARNING: pipe error: 109: file z:/build/build/src/ipc/chromium/src/chrome/common/ipc_channel_win.cc, line 346

###!!! [Child][MessageChannel::SendAndWait] Error: Channel error: cannot send/recv

1545907987283	geckodriver::marionette	ERROR	Failed to kill browser process
sage was deserialized, but the handler returned false (indicating failure)

IPDL protocol error: Handler returned error code!

###!!! [Parent][DispatchAsyncMessage] Error: PLayerTransaction::Msg_ReleaseLayer Processing error: message was deserialized, but the handler returned false (indicating failure)

IPDL protocol error: Handler returned error code!

###!!! [Parent][DispatchAsyncMessage] Error: PLayerTransaction::Msg_ReleaseLayer Processing error: message was deserialized, but the handler returned false (indicating failure)

IPDL protocol error: Handler returned error code!

###!!! [Parent][DispatchAsyncMessage] Error: PLayerTransaction::Msg_ReleaseLayer Processing error: message was deserialized, but the handler returned false (indicating failure)

IPDL protocol error: Handler returned error code!

###!!! [Parent][DispatchAsyncMessage] Error: PLayerTransaction::Msg_ReleaseLayer Processing error: message was deserialized, but the handler returned false (indicating failure)

IPDL protocol error: Handler returned error code!

###!!! [Parent][DispatchAsyncMessage] Error: PLayerTransaction::Msg_ReleaseLayer Processing error: message was deserialized, but the handler returned false (indicating failure)

IPDL protocol error: Handler returned error code!

###!!! [Parent][DispatchAsyncMessage] Error: PLayerTransaction::Msg_ReleaseLayer Processing error: message was deserialized, but the handler returned false (indicating failure)

IPDL protocol error: Handler returned error code!

###!!! [Parent][DispatchAsyncMessage] Error: PLayerTransaction::Msg_ReleaseLayer Processing error: message was deserialized, but the handler returned false (indicating failure)

IPDL protocol error: Handler returned error code!

###!!! [Parent][DispatchAsyncMessage] Error: PLayerTransaction::Msg_ReleaseLayer Processing error: message was deserialized, but the handler returned false (indicating failure)

IPDL protocol error: Handler returned error code!

###!!! [Parent][DispatchAsyncMessage] Error: PLayerTransaction::Msg_ReleaseLayer Processing error: message was deserialized, but the handler returned false (indicating failure)

IPDL protocol error: Handler returned error code!

###!!! [Parent][DispatchAsyncMessage] Error: PLayerTransaction::Msg_ReleaseLayer Processing error: message was deserialized, but the handler returned false (indicating failure)

IPDL protocol error: Handler returned error code!

###!!! [Parent][DispatchAsyncMessage] Error: PLayerTransaction::Msg_ReleaseLayer Processing error: message was deserialized, but the handler returned false (indicating failure)

IPDL protocol error: Handler returned error code!

###!!! [Parent][DispatchAsyncMessage] Error: PLayerTransaction::Msg_ReleaseLayer Processing error: message was deserialized, but the handler returned false (indicating failure)


###!!! [Child][RunMessage] Error: Channel closing: too late to send/recv, messages will be lost

.10/dialog.js,mui/mallbar/3.2.36/model.js,mui/mallbar/3.2.36/store.js,mui/storage/3.0.5/index.js,mui/storage/3.0.5/conf.js,mui/storage/3.0.5/util.js,mui/storage/3.0.5/xd.js,mui/storage/3.0.5/name.js,mui/mallbar/3.2.36/mallbar-item.js,mui/mallbar/3.2.36/mallbar-guide.js,mui/mallbar/3.2.36/plugin-prof.js,mui/mallbar/3.2.36/plugin-asset.js,mui/mallbar/3.2.36/plugin-brand.js,mui/mallbar/3.2.36/plugin-live.js,mui/mallbar/3.2.36/plugin-foot.js,mui/mallbar/3.2.36/plugin-top.js,mui/mallbar/3.2.36/plugin-ue.js,mui/mallbar/3.2.36/plugin-qrcode.js,mui/mallbar/3.2.36/plugin-favor.js,mui/mallbar/3.2.36/plugin-charge.js,mui/mallbar/3.2.36/plugin-cart.js,mui/minicart/3.0.37/minicart.js,mui/minicart/3.0.37/model.js,mui/minicart/3.0.37/util.js,mui/mallbar/3.2.36/plugin-nav.js,mui/mallbar/3.2.36/plugin-worth.js?t=1_2013072520131122.js, line 24: Using //@ to indicate sourceURL pragmas is deprecated. Use //# instead
JavaScript warning: https://g.alicdn.com/??mui/mallbar/3.2.36/index.js,kissy/k/1.4.2/swf-min.js,kissy/k/1.4.2/xtemplate-min.js,kissy/k/1.4.2/xtemplate/compiler-min.js,mui/mallbar/3.2.36/conf.js,mui/mallbar/3.2.36/util.js,mui/minilogin/3.1.6/index.js,mui/overlay/3.0.10/dialog.js,mui/mallbar/3.2.36/model.js,mui/mallbar/3.2.36/store.js,mui/storage/3.0.5/index.js,mui/storage/3.0.5/conf.js,mui/storage/3.0.5/util.js,mui/storage/3.0.5/xd.js,mui/storage/3.0.5/name.js,mui/mallbar/3.2.36/mallbar-item.js,mui/mallbar/3.2.36/mallbar-guide.js,mui/mallbar/3.2.36/plugin-prof.js,mui/mallbar/3.2.36/plugin-asset.js,mui/mallbar/3.2.36/plugin-brand.js,mui/mallbar/3.2.36/plugin-live.js,mui/mallbar/3.2.36/plugin-foot.js,mui/mallbar/3.2.36/plugin-top.js,mui/mallbar/3.2.36/plugin-ue.js,mui/mallbar/3.2.36/plugin-qrcode.js,mui/mallbar/3.2.36/plugin-favor.js,mui/mallbar/3.2.36/plugin-charge.js,mui/mallbar/3.2.36/plugin-cart.js,mui/minicart/3.0.37/minicart.js,mui/minicart/3.0.37/model.js,mui/minicart/3.0.37/util.js,mui/mallbar/3.2.36/plugin-nav.js,mui/mallbar/3.2.36/plugin-worth.js?t=1_2013072520131122.js, line 9: Using //@ to indicate sourceURL pragmas is deprecated. Use //# instead
JavaScript warning: https://g.alicdn.com/??mui/mallbar/3.2.36/index.js,kissy/k/1.4.2/swf-min.js,kissy/k/1.4.2/xtemplate-min.js,kissy/k/1.4.2/xtemplate/compiler-min.js,mui/mallbar/3.2.36/conf.js,mui/mallbar/3.2.36/util.js,mui/minilogin/3.1.6/index.js,mui/overlay/3.0.10/dialog.js,mui/mallbar/3.2.36/model.js,mui/mallbar/3.2.36/store.js,mui/storage/3.0.5/index.js,mui/storage/3.0.5/conf.js,mui/storage/3.0.5/util.js,mui/storage/3.0.5/xd.js,mui/storage/3.0.5/name.js,mui/mallbar/3.2.36/mallbar-item.js,mui/mallbar/3.2.36/mallbar-guide.js,mui/mallbar/3.2.36/plugin-prof.js,mui/mallbar/3.2.36/plugin-asset.js,mui/mallbar/3.2.36/plugin-brand.js,mui/mallbar/3.2.36/plugin-live.js,mui/mallbar/3.2.36/plugin-foot.js,mui/mallbar/3.2.36/plugin-top.js,mui/mallbar/3.2.36/plugin-ue.js,mui/mallbar/3.2.36/plugin-qrcode.js,mui/mallbar/3.2.36/plugin-favor.js,mui/mallbar/3.2.36/plugin-charge.js,mui/mallbar/3.2.36/plugin-cart.js,mui/minicart/3.0.37/minicart.js,mui/minicart/3.0.37/model.js,mui/minicart/3.0.37/util.js,mui/mallbar/3.2.36/plugin-nav.js,mui/mallbar/3.2.36/plugin-worth.js?t=1_2013072520131122.js, line 218: Using //@ to indicate sourceURL pragmas is deprecated. Use //# instead
JavaScript warning: https://g.alicdn.com/??mui/mallbar/3.2.36/index.js,kissy/k/1.4.2/swf-min.js,kissy/k/1.4.2/xtemplate-min.js,kissy/k/1.4.2/xtemplate/compiler-min.js,mui/mallbar/3.2.36/conf.js,mui/mallbar/3.2.36/util.js,mui/minilogin/3.1.6/index.js,mui/overlay/3.0.10/dialog.js,mui/mallbar/3.2.36/model.js,mui/mallbar/3.2.36/store.js,mui/storage/3.0.5/index.js,mui/storage/3.0.5/conf.js,mui/storage/3.0.5/util.js,mui/storage/3.0.5/xd.js,mui/storage/3.0.5/name.js,mui/mallbar/3.2.36/mallbar-item.js,mui/mallbar/3.2.36/mallbar-guide.js,mui/mallbar/3.2.36/plugin-prof.js,mui/mallbar/3.2.36/plugin-asset.js,mui/mallbar/3.2.36/plugin-brand.js,mui/mallbar/3.2.36/plugin-live.js,mui/mallbar/3.2.36/plugin-foot.js,mui/mallbar/3.2.36/plugin-top.js,mui/mallbar/3.2.36/plugin-ue.js,mui/mallbar/3.2.36/plugin-qrcode.js,mui/mallbar/3.2.36/plugin-favor.js,mui/mallbar/3.2.36/plugin-charge.js,mui/mallbar/3.2.36/plugin-cart.js,mui/minicart/3.0.37/minicart.js,mui/minicart/3.0.37/model.js,mui/minicart/3.0.37/util.js,mui/mallbar/3.2.36/plugin-nav.js,mui/mallbar/3.2.36/plugin-worth.js?t=1_2013072520131122.js, line 148: Using //@ to indicate sourceURL pragmas is deprecated. Use //# instead
JavaScript warning: https://g.alicdn.com/??mui/mallbar/3.2.36/index.js,kissy/k/1.4.2/swf-min.js,kissy/k/1.4.2/xtemplate-min.js,kissy/k/1.4.2/xtemplate/compiler-min.js,mui/mallbar/3.2.36/conf.js,mui/mallbar/3.2.36/util.js,mui/minilogin/3.1.6/index.js,mui/overlay/3.0.10/dialog.js,mui/mallbar/3.2.36/model.js,mui/mallbar/3.2.36/store.js,mui/storage/3.0.5/index.js,mui/storage/3.0.5/conf.js,mui/storage/3.0.5/util.js,mui/storage/3.0.5/xd.js,mui/storage/3.0.5/name.js,mui/mallbar/3.2.36/mallbar-item.js,mui/mallbar/3.2.36/mallbar-guide.js,mui/mallbar/3.2.36/plugin-prof.js,mui/mallbar/3.2.36/plugin-asset.js,mui/mallbar/3.2.36/plugin-brand.js,mui/mallbar/3.2.36/plugin-live.js,mui/mallbar/3.2.36/plugin-foot.js,mui/mallbar/3.2.36/plugin-top.js,mui/mallbar/3.2.36/plugin-ue.js,mui/mallbar/3.2.36/plugin-qrcode.js,mui/mallbar/3.2.36/plugin-favor.js,mui/mallbar/3.2.36/plugin-charge.js,mui/mallbar/3.2.36/plugin-cart.js,mui/minicart/3.0.37/minicart.js,mui/minicart/3.0.37/model.js,mui/minicart/3.0.37/util.js,mui/mallbar/3.2.36/plugin-nav.js,mui/mallbar/3.2.36/plugin-worth.js?t=1_2013072520131122.js, line 38: Using //@ to indicate sourceURL pragmas is deprecated. Use //# instead
JavaScript warning: https://g.alicdn.com/??mui/mallbar/3.2.36/index.js,kissy/k/1.4.2/swf-min.js,kissy/k/1.4.2/xtemplate-min.js,kissy/k/1.4.2/xtemplate/compiler-min.js,mui/mallbar/3.2.36/conf.js,mui/mallbar/3.2.36/util.js,mui/minilogin/3.1.6/index.js,mui/overlay/3.0.10/dialog.js,mui/mallbar/3.2.36/model.js,mui/mallbar/3.2.36/store.js,mui/storage/3.0.5/index.js,mui/storage/3.0.5/conf.js,mui/storage/3.0.5/util.js,mui/storage/3.0.5/xd.js,mui/storage/3.0.5/name.js,mui/mallbar/3.2.36/mallbar-item.js,mui/mallbar/3.2.36/mallbar-guide.js,mui/mallbar/3.2.36/plugin-prof.js,mui/mallbar/3.2.36/plugin-asset.js,mui/mallbar/3.2.36/plugin-brand.js,mui/mallbar/3.2.36/plugin-live.js,mui/mallbar/3.2.36/plugin-foot.js,mui/mallbar/3.2.36/plugin-top.js,mui/mallbar/3.2.36/plugin-ue.js,mui/mallbar/3.2.36/plugin-qrcode.js,mui/mallbar/3.2.36/plugin-favor.js,mui/mallbar/3.2.36/plugin-charge.js,mui/mallbar/3.2.36/plugin-cart.js,mui/minicart/3.0.37/minicart.js,mui/minicart/3.0.37/model.js,mui/minicart/3.0.37/util.js,mui/mallbar/3.2.36/plugin-nav.js,mui/mallbar/3.2.36/plugin-worth.js?t=1_2013072520131122.js, line 100: Using //@ to indicate sourceURL pragmas is deprecated. Use //# instead
JavaScript warning: https://g.alicdn.com/??mui/mallbar/3.2.36/index.js,kissy/k/1.4.2/swf-min.js,kissy/k/1.4.2/xtemplate-min.js,kissy/k/1.4.2/xtemplate/compiler-min.js,mui/mallbar/3.2.36/conf.js,mui/mallbar/3.2.36/util.js,mui/minilogin/3.1.6/index.js,mui/overlay/3.0.10/dialog.js,mui/mallbar/3.2.36/model.js,mui/mallbar/3.2.36/store.js,mui/storage/3.0.5/index.js,mui/storage/3.0.5/conf.js,mui/storage/3.0.5/util.js,mui/storage/3.0.5/xd.js,mui/storage/3.0.5/name.js,mui/mallbar/3.2.36/mallbar-item.js,mui/mallbar/3.2.36/mallbar-guide.js,mui/mallbar/3.2.36/plugin-prof.js,mui/mallbar/3.2.36/plugin-asset.js,mui/mallbar/3.2.36/plugin-brand.js,mui/mallbar/3.2.36/plugin-live.js,mui/mallbar/3.2.36/plugin-foot.js,mui/mallbar/3.2.36/plugin-top.js,mui/mallbar/3.2.36/plugin-ue.js,mui/mallbar/3.2.36/plugin-qrcode.js,mui/mallbar/3.2.36/plugin-favor.js,mui/mallbar/3.2.36/plugin-charge.js,mui/mallbar/3.2.36/plugin-cart.js,mui/minicart/3.0.37/minicart.js,mui/minicart/3.0.37/model.js,mui/minicart/3.0.37/util.js,mui/mallbar/3.2.36/plugin-nav.js,mui/mallbar/3.2.36/plugin-worth.js?t=1_2013072520131122.js, line 21: Using //@ to indicate sourceURL pragmas is deprecated. Use //# instead
JavaScript warning: https://g.alicdn.com/??mui/mallbar/3.2.36/index.js,kissy/k/1.4.2/swf-min.js,kissy/k/1.4.2/xtemplate-min.js,kissy/k/1.4.2/xtemplate/compiler-min.js,mui/mallbar/3.2.36/conf.js,mui/mallbar/3.2.36/util.js,mui/minilogin/3.1.6/index.js,mui/overlay/3.0.10/dialog.js,mui/mallbar/3.2.36/model.js,mui/mallbar/3.2.36/store.js,mui/storage/3.0.5/index.js,mui/storage/3.0.5/conf.js,mui/storage/3.0.5/util.js,mui/storage/3.0.5/xd.js,mui/storage/3.0.5/name.js,mui/mallbar/3.2.36/mallbar-item.js,mui/mallbar/3.2.36/mallbar-guide.js,mui/mallbar/3.2.36/plugin-prof.js,mui/mallbar/3.2.36/plugin-asset.js,mui/mallbar/3.2.36/plugin-brand.js,mui/mallbar/3.2.36/plugin-live.js,mui/mallbar/3.2.36/plugin-foot.js,mui/mallbar/3.2.36/plugin-top.js,mui/mallbar/3.2.36/plugin-ue.js,mui/mallbar/3.2.36/plugin-qrcode.js,mui/mallbar/3.2.36/plugin-favor.js,mui/mallbar/3.2.36/plugin-charge.js,mui/mallbar/3.2.36/plugin-cart.js,mui/minicart/3.0.37/minicart.js,mui/minicart/3.0.37/model.js,mui/minicart/3.0.37/util.js,mui/mallbar/3.2.36/plugin-nav.js,mui/mallbar/3.2.36/plugin-worth.js?t=1_2013072520131122.js, line 80: Using //@ to indicate sourceURL pragmas is deprecated. Use //# instead
IPDL protocol error: Handler returned error code!

###!!! [Parent][DispatchAsyncMessage] Error: PLayerTransaction::Msg_ReleaseLayer Processing error: message was deserialized, but the handler returned false (indicating failure)

IPDL protocol error: Handler returned error code!

###!!! [Parent][DispatchAsyncMessage] Error: PLayerTransaction::Msg_ReleaseLayer Processing error: message was deserialized, but the handler returned false (indicating failure)

IPDL protocol error: Handler returned error code!

###!!! [Parent][DispatchAsyncMessage] Error: PLayerTransaction::Msg_ReleaseLayer Processing error: message was deserialized, but the handler returned false (indicating failure)

IPDL protocol error: Handler returned error code!

###!!! [Parent][DispatchAsyncMessage] Error: PLayerTransaction::Msg_ReleaseLayer Processing error: message was deserialized, but the handler returned false (indicating failure)

IPDL protocol error: Handler returned error code!

###!!! [Parent][DispatchAsyncMessage] Error: PLayerTransaction::Msg_ReleaseLayer Processing error: message was deserialized, but the handler returned false (indicating failure)

IPDL protocol error: Handler returned error code!

###!!! [Parent][DispatchAsyncMessage] Error: PLayerTransaction::Msg_ReleaseLayer Processing error: message was deserialized, but the handler returned false (indicating failure)

IPDL protocol error: Handler returned error code!

###!!! [Parent][DispatchAsyncMessage] Error: PLayerTransaction::Msg_ReleaseLayer Processing error: message was deserialized, but the handler returned false (indicating failure)

IPDL protocol error: Handler returned error code!
[Parent 10876] WARNING: pipe error: 109: file z:/build/build/src/ipc/chromium/src/chrome/common/ipc_channel_win.cc, line 346

###!!! [Parent][DispatchAsyncMessage] Error: PLayerTransaction::Msg_ReleaseLayer Processing error: message was deserialized, but the handler returned false (indicating failure)

IPDL protocol error: Handler returned error code!

###!!! [Parent][DispatchAsyncMessage] Error: PLayerTransaction::Msg_ReleaseLayer Processing error: message was deserialized, but the handler returned false (indicating failure)

IPDL protocol error: Handler returned error code!

###!!! [Parent][DispatchAsyncMessage] Error: PLayerTransaction::Msg_ReleaseLayer Processing error: message was deserialized, but the handler returned false (indicating failure)

IPDL protocol error: Handler returned error code!

###!!! [Parent][DispatchAsyncMessage] Error: PLayerTransaction::Msg_ReleaseLayer Processing error: message was deserialized, but the handler returned false (indicating failure)

IPDL protocol error: Handler returned error code!

###!!! [Parent][DispatchAsyncMessage] Error: PLayerTransaction::Msg_ReleaseLayer Processing error: message was deserialized, but the handler returned false (indicating failure)

IPDL protocol error: Handler returned error code!

###!!! [Parent][DispatchAsyncMessage] Error: PLayerTransaction::Msg_ReleaseLayer Processing error: message was deserialized, but the handler returned false (indicating failure)

IPDL protocol error: Handler returned error code!

###!!! [Parent][DispatchAsyncMessage] Error: PLayerTransaction::Msg_ReleaseLayer Processing error: message was deserialized, but the handler returned false (indicating failure)

IPDL protocol error: Handler returned error code!

###!!! [Parent][DispatchAsyncMessage] Error: PLayerTransaction::Msg_ReleaseLayer Processing error: message was deserialized, but the handler returned false (indicating failure)

IPDL protocol error: Handler returned error code!

###!!! [Parent][DispatchAsyncMessage] Error: PLayerTransaction::Msg_ReleaseLayer Processing error: message was deserialized, but the handler returned false (indicating failure)

IPDL protocol error: Handler returned error code!

###!!! [Parent][DispatchAsyncMessage] Error: PLayerTransaction::Msg_ReleaseLayer Processing error: message was deserialized, but the handler returned false (indicating failure)

IPDL protocol error: Handler returned error code!

###!!! [Parent][DispatchAsyncMessage] Error: PLayerTransaction::Msg_ReleaseLayer Processing error: message was deserialized, but the handler returned false (indicating failure)

IPDL protocol error: Handler returned error code!
[Child 10716] WARNING: pipe error: 109: file z:/build/build/src/ipc/chromium/src/chrome/common/ipc_channel_win.cc, line 346

###!!! [Parent][DispatchAsyncMessage] Error: PLayerTransaction::Msg_ReleaseLayer Processing error: message was deserialized, but the handler returned false (indicating failure)

IPDL protocol error: Handler returned error code!

###!!! [Parent][DispatchAsyncMessage] Error: PLayerTransaction::Msg_ReleaseLayer Processing error: message was deserialized, but the handler returned false (indicating failure)

IPDL protocol error: Handler returned error code!

###!!! [Parent][DispatchAsyncMessage] Error: PLayerTransaction::Msg_ReleaseLayer Processing error: message was deserialized, but the handler returned false (indicating failure)


###!!! [Child][MessageChannel::SendAndWait] Error: Channel error: cannot send/recv

